Using pre-set license
Built from '2021.3/staging' branch; Version is '2021.3.35f1 (157b46ce122a) revision 1407814'; Using compiler version '192829333'; Build Type 'Release'
OS: 'Windows 11  (10.0.22631) 64bit Core' Language: 'ru' Physical Memory: 32603 MB
BatchMode: 1, IsHumanControllingUs: 0, StartBugReporterOnCrash: 0, Is64bit: 1, IsPro: 1

COMMAND LINE ARGUMENTS:
C:\Program Files\Unity\Hub\Editor\2021.3.35f1\Editor\Unity.exe
-adb2
-batchMode
-noUpm
-name
AssetImportWorker0
-projectPath
F:/юнити/Project
-logFile
Logs/AssetImportWorker0.log
-srvPort
54789
Successfully changed project path to: F:/юнити/Project
F:/юнити/Project
[UnityMemory] Configuration Parameters - Can be set up in boot.config
    "memorysetup-bucket-allocator-granularity=16"
    "memorysetup-bucket-allocator-bucket-count=8"
    "memorysetup-bucket-allocator-block-size=33554432"
    "memorysetup-bucket-allocator-block-count=8"
    "memorysetup-main-allocator-block-size=16777216"
    "memorysetup-thread-allocator-block-size=16777216"
    "memorysetup-gfx-main-allocator-block-size=16777216"
    "memorysetup-gfx-thread-allocator-block-size=16777216"
    "memorysetup-cache-allocator-block-size=4194304"
    "memorysetup-typetree-allocator-block-size=2097152"
    "memorysetup-profiler-bucket-allocator-granularity=16"
    "memorysetup-profiler-bucket-allocator-bucket-count=8"
    "memorysetup-profiler-bucket-allocator-block-size=33554432"
    "memorysetup-profiler-bucket-allocator-block-count=8"
    "memorysetup-profiler-allocator-block-size=16777216"
    "memorysetup-profiler-editor-allocator-block-size=1048576"
    "memorysetup-temp-allocator-size-main=16777216"
    "memorysetup-job-temp-allocator-block-size=2097152"
    "memorysetup-job-temp-allocator-block-size-background=1048576"
    "memorysetup-job-temp-allocator-reduction-small-platforms=262144"
    "memorysetup-temp-allocator-size-background-worker=32768"
    "memorysetup-temp-allocator-size-job-worker=262144"
    "memorysetup-temp-allocator-size-preload-manager=33554432"
    "memorysetup-temp-allocator-size-nav-mesh-worker=65536"
    "memorysetup-temp-allocator-size-audio-worker=65536"
    "memorysetup-temp-allocator-size-cloud-worker=32768"
    "memorysetup-temp-allocator-size-gi-baking-worker=262144"
    "memorysetup-temp-allocator-size-gfx=262144"
Player connection [46820] Host "[IP] 10.0.0.13 [Port] 0 [Flags] 2 [Guid] 3560632476 [EditorId] 3560632476 [Version] 1048832 [Id] WindowsEditor(7,LAPTOP-54VQ3N7F) [Debug] 1 [PackageName] WindowsEditor [ProjectName] Editor" joined multi-casting on [225.0.0.222:54997]...

Player connection [46820] Host "[IP] 10.0.0.13 [Port] 0 [Flags] 2 [Guid] 3560632476 [EditorId] 3560632476 [Version] 1048832 [Id] WindowsEditor(7,LAPTOP-54VQ3N7F) [Debug] 1 [PackageName] WindowsEditor [ProjectName] Editor" joined alternative multi-casting on [225.0.0.222:34997]...

[Physics::Module] Initialized MultithreadedJobDispatcher with {0} workers.
Refreshing native plugins compatible for Editor in 82.26 ms, found 3 plugins.
Preloading 0 native plugins for Editor in 0.00 ms.
Initialize engine version: 2021.3.35f1 (157b46ce122a)
[Subsystems] Discovering subsystems at path C:/Program Files/Unity/Hub/Editor/2021.3.35f1/Editor/Data/Resources/UnitySubsystems
[Subsystems] Discovering subsystems at path F:/юнити/Project/Assets
GfxDevice: creating device client; threaded=0; jobified=0
Direct3D:
    Version:  Direct3D 11.0 [level 11.1]
    Renderer: NVIDIA GeForce GTX 1660 Ti (ID=0x2191)
    Vendor:   NVIDIA
    VRAM:     5966 MB
    Driver:   32.0.15.5613
Initialize mono
Mono path[0] = 'C:/Program Files/Unity/Hub/Editor/2021.3.35f1/Editor/Data/Managed'
Mono path[1] = 'C:/Program Files/Unity/Hub/Editor/2021.3.35f1/Editor/Data/MonoBleedingEdge/lib/mono/unityjit-win32'
Mono config path = 'C:/Program Files/Unity/Hub/Editor/2021.3.35f1/Editor/Data/MonoBleedingEdge/etc'
Using monoOptions --debugger-agent=transport=dt_socket,embedding=1,server=y,suspend=n,address=127.0.0.1:56408
Begin MonoManager ReloadAssembly
Registering precompiled unity dll's ...
Register platform support module: C:/Program Files/Unity/Hub/Editor/2021.3.35f1/Editor/Data/PlaybackEngines/WebGLSupport/UnityEditor.WebGL.Extensions.dll
Register platform support module: C:/Program Files/Unity/Hub/Editor/2021.3.35f1/Editor/Data/PlaybackEngines/WindowsStandaloneSupport/UnityEditor.WindowsStandalone.Extensions.dll
Registered in 0.009605 seconds.
Native extension for WindowsStandalone target not found
Native extension for WebGL target not found
Refreshing native plugins compatible for Editor in 79.52 ms, found 3 plugins.
Preloading 0 native plugins for Editor in 0.00 ms.
Mono: successfully reloaded assembly
- Completed reload, in  0.759 seconds
Domain Reload Profiling:
	ReloadAssembly (760ms)
		BeginReloadAssembly (109ms)
			ExecutionOrderSort (0ms)
			DisableScriptedObjects (0ms)
			BackupInstance (0ms)
			ReleaseScriptingObjects (0ms)
			CreateAndSetChildDomain (1ms)
		EndReloadAssembly (532ms)
			LoadAssemblies (106ms)
			RebuildTransferFunctionScriptingTraits (0ms)
			SetupTypeCache (133ms)
			ReleaseScriptCaches (0ms)
			RebuildScriptCaches (32ms)
			SetupLoadedEditorAssemblies (315ms)
				LogAssemblyErrors (0ms)
				InitializePlatformSupportModulesInManaged (12ms)
				SetLoadedEditorAssemblies (0ms)
				RefreshPlugins (80ms)
				BeforeProcessingInitializeOnLoad (1ms)
				ProcessInitializeOnLoadAttributes (169ms)
				ProcessInitializeOnLoadMethodAttributes (52ms)
				AfterProcessingInitializeOnLoad (0ms)
				EditorAssembliesLoaded (0ms)
			ExecutionOrderSort2 (0ms)
			AwakeInstancesAfterBackupRestoration (0ms)
Platform modules already initialized, skipping
Registering precompiled user dll's ...
Registered in 0.003767 seconds.
Begin MonoManager ReloadAssembly
Native extension for WindowsStandalone target not found
Native extension for WebGL target not found
Refreshing native plugins compatible for Editor in 0.44 ms, found 3 plugins.
Preloading 0 native plugins for Editor in 0.00 ms.
Package Manager log level set to [2]
[Package Manager] Server::EnsureServerProcessIsRunning -- launch failed, reason: Unity was launched with the -noUpm command-line argument
[Package Manager] Cannot connect to Unity Package Manager local server
Mono: successfully reloaded assembly
- Completed reload, in  1.670 seconds
Domain Reload Profiling:
	ReloadAssembly (1671ms)
		BeginReloadAssembly (162ms)
			ExecutionOrderSort (0ms)
			DisableScriptedObjects (6ms)
			BackupInstance (0ms)
			ReleaseScriptingObjects (0ms)
			CreateAndSetChildDomain (24ms)
		EndReloadAssembly (1371ms)
			LoadAssemblies (119ms)
			RebuildTransferFunctionScriptingTraits (0ms)
			SetupTypeCache (364ms)
			ReleaseScriptCaches (1ms)
			RebuildScriptCaches (61ms)
			SetupLoadedEditorAssemblies (809ms)
				LogAssemblyErrors (0ms)
				InitializePlatformSupportModulesInManaged (8ms)
				SetLoadedEditorAssemblies (0ms)
				RefreshPlugins (0ms)
				BeforeProcessingInitializeOnLoad (92ms)
				ProcessInitializeOnLoadAttributes (671ms)
				ProcessInitializeOnLoadMethodAttributes (25ms)
				AfterProcessingInitializeOnLoad (13ms)
				EditorAssembliesLoaded (0ms)
			ExecutionOrderSort2 (0ms)
			AwakeInstancesAfterBackupRestoration (12ms)
Platform modules already initialized, skipping
========================================================================
Worker process is ready to serve import requests
Launched and connected shader compiler UnityShaderCompiler.exe after 0.06 seconds
Refreshing native plugins compatible for Editor in 0.84 ms, found 3 plugins.
Preloading 0 native plugins for Editor in 0.00 ms.
Unloading 3068 Unused Serialized files (Serialized files now loaded: 0)
Unloading 23 unused Assets / (46.8 KB). Loaded Objects now: 3528.
Memory consumption went from 108.5 MB to 108.4 MB.
Total: 3.553900 ms (FindLiveObjects: 0.257100 ms CreateObjectMapping: 0.235500 ms MarkObjects: 2.991200 ms  DeleteObjects: 0.069300 ms)

AssetImportParameters requested are different than current active one (requested -> active):
  custom:video-decoder-ogg-theora: a1e56fd34408186e4bbccfd4996cb3dc -> 
  custom:container-muxer-webm: aa71ff27fc2769a1b78a27578f13a17b -> 
  custom:container-demuxer-webm: 4f35f7cbe854078d1ac9338744f61a02 -> 
  custom:video-encoder-webm-vp8: eb34c28f22e8b96e1ab97ce403110664 -> 
  custom:video-codec-MediaFoundation-h265: 746d11721c4dcdbdad8f713fa42b33f4 -> 
  custom:CustomObjectIndexerAttribute: bc11b3a6c3213fcdd17b65e7da85e133 -> 
  custom:audio-encoder-webm-vorbis: bf7c407c2cedff20999df2af8eb42d56 -> 
  custom:framework-win-MediaFoundation: 216162199b28c13a410421893ffa2e32 -> 
  custom:SearchIndexIgnoredProperties: e643bd26f0fe6173181afceb89e7c659 -> 
  custom:container-demuxer-ogg: 62fdf1f143b41e24485cea50d1cbac27 -> 
  custom:video-decoder-webm-vp8: 9c59270c3fd7afecdb556c50c9e8de78 -> 
  custom:audio-decoder-ogg-vorbis: bf7c407c2cedff20999df2af8eb42d56 -> 
========================================================================
Received Import Request.
  Time since last request: 191442.897645 seconds.
  path: Assets/Scenes/Game.unity
  artifactKey: Guid(9fc0d4010bbf28b4594072e72b8655ab) Importer(815301076,1909f56bfc062723c751e8b465ee728b)
Number of updated assets reloaded before import = 0
Start importing Assets/Scenes/Game.unity using Guid(9fc0d4010bbf28b4594072e72b8655ab) Importer(815301076,1909f56bfc062723c751e8b465ee728b)  -> (artifact id: '7004a7eabd6e40e9340d80f41225d5f8') in 0.009180 seconds 
Number of asset objects unloaded after import = 0
========================================================================
Received Import Request.
  Time since last request: 1253.597352 seconds.
  path: Assets/AnimeGirls/BaseCharacter/BaseCharacter/Sourcefiles/BaseCharacter.fbx
  artifactKey: Guid(d8e6717bd7507b44c9fc5a0a6749ec6c) Importer(815301076,1909f56bfc062723c751e8b465ee728b)
Number of updated assets reloaded before import = 0
Start importing Assets/AnimeGirls/BaseCharacter/BaseCharacter/Sourcefiles/BaseCharacter.fbx using Guid(d8e6717bd7507b44c9fc5a0a6749ec6c) Importer(815301076,1909f56bfc062723c751e8b465ee728b)  -> (artifact id: '5eb70e8d96ace04f50a968c92500248d') in 0.881959 seconds 
Number of asset objects unloaded after import = 165
========================================================================
Received Import Request.
  Time since last request: 0.000027 seconds.
  path: Assets/AnimeGirls/BaseCharacter/BaseCharacter/Sourcefiles/Mat/EyeBack.mat
  artifactKey: Guid(b97b55ed446d8ed48acc18d42edf2de0) Importer(815301076,1909f56bfc062723c751e8b465ee728b)
Number of updated assets reloaded before import = 0
Start importing Assets/AnimeGirls/BaseCharacter/BaseCharacter/Sourcefiles/Mat/EyeBack.mat using Guid(b97b55ed446d8ed48acc18d42edf2de0) Importer(815301076,1909f56bfc062723c751e8b465ee728b)  -> (artifact id: 'd25a4a20a4429778a620c436a46dc7e3') in 0.018757 seconds 
Number of asset objects unloaded after import = 2
========================================================================
Received Import Request.
  Time since last request: 0.000028 seconds.
  path: Assets/AnimeGirls/BaseCharacter/BaseCharacter/Sourcefiles/Mat/Mat_Hair_2_head.mat
  artifactKey: Guid(a5046b7e2e9bd10459e090170ab26f07) Importer(815301076,1909f56bfc062723c751e8b465ee728b)
Number of updated assets reloaded before import = 0
Start importing Assets/AnimeGirls/BaseCharacter/BaseCharacter/Sourcefiles/Mat/Mat_Hair_2_head.mat using Guid(a5046b7e2e9bd10459e090170ab26f07) Importer(815301076,1909f56bfc062723c751e8b465ee728b)  -> (artifact id: '0fcafed0d8007bcd4ca73b00f19bd875') in 0.240173 seconds 
Number of asset objects unloaded after import = 2
========================================================================
Received Import Request.
  Time since last request: 0.000020 seconds.
  path: Assets/AnimeGirls/BaseCharacter/Demo files/Mat_Background.mat
  artifactKey: Guid(dc180ddaa9633db4c8e015141d784cfe) Importer(815301076,1909f56bfc062723c751e8b465ee728b)
Number of updated assets reloaded before import = 0
Start importing Assets/AnimeGirls/BaseCharacter/Demo files/Mat_Background.mat using Guid(dc180ddaa9633db4c8e015141d784cfe) Importer(815301076,1909f56bfc062723c751e8b465ee728b)  -> (artifact id: 'ba3cd1345c2871a90f5cc756a7127a68') in 0.008416 seconds 
Number of asset objects unloaded after import = 2
========================================================================
Received Import Request.
  Time since last request: 0.000027 seconds.
  path: Assets/AnimeGirls/BaseCharacter/BaseCharacter/Sourcefiles/Mat/Mat_EyeReflection.mat
  artifactKey: Guid(1b5c7ed19ffba894c8cea260f2347c40) Importer(815301076,1909f56bfc062723c751e8b465ee728b)
Number of updated assets reloaded before import = 0
Start importing Assets/AnimeGirls/BaseCharacter/BaseCharacter/Sourcefiles/Mat/Mat_EyeReflection.mat using Guid(1b5c7ed19ffba894c8cea260f2347c40) Importer(815301076,1909f56bfc062723c751e8b465ee728b)  -> (artifact id: 'c4d1be82fe65103f6b768d26a0cdce70') in 0.031560 seconds 
Number of asset objects unloaded after import = 2
========================================================================
Received Import Request.
  Time since last request: 0.000016 seconds.
  path: Assets/AnimeGirls/BaseCharacter/BaseCharacter/Sourcefiles/Mat/Eyelashes.mat
  artifactKey: Guid(29c9dd3707158b2448cc0bdf81c33ce8) Importer(815301076,1909f56bfc062723c751e8b465ee728b)
Number of updated assets reloaded before import = 0
Start importing Assets/AnimeGirls/BaseCharacter/BaseCharacter/Sourcefiles/Mat/Eyelashes.mat using Guid(29c9dd3707158b2448cc0bdf81c33ce8) Importer(815301076,1909f56bfc062723c751e8b465ee728b)  -> (artifact id: '9d9612c45e8dd323863472fb322e846f') in 0.006479 seconds 
Number of asset objects unloaded after import = 2
========================================================================
Received Import Request.
  Time since last request: 0.000015 seconds.
  path: Assets/AnimeGirls/BaseCharacter/BaseCharacter/Sourcefiles/Mat/Mat_underwear_2.mat
  artifactKey: Guid(5869b0877c9aac0429ded83b64254243) Importer(815301076,1909f56bfc062723c751e8b465ee728b)
Number of updated assets reloaded before import = 0
Start importing Assets/AnimeGirls/BaseCharacter/BaseCharacter/Sourcefiles/Mat/Mat_underwear_2.mat using Guid(5869b0877c9aac0429ded83b64254243) Importer(815301076,1909f56bfc062723c751e8b465ee728b)  -> (artifact id: '449f5b0ba46f5a87e1a2fbaed1e97834') in 0.028079 seconds 
Number of asset objects unloaded after import = 2
========================================================================
Received Import Request.
  Time since last request: 0.000020 seconds.
  path: Assets/AnimeGirls/BaseCharacter/BaseCharacter/Sourcefiles/Mat/Mat_Hair_1_hair.mat
  artifactKey: Guid(99a79f6de2825ec4bb471ef12eee8b52) Importer(815301076,1909f56bfc062723c751e8b465ee728b)
Number of updated assets reloaded before import = 0
Start importing Assets/AnimeGirls/BaseCharacter/BaseCharacter/Sourcefiles/Mat/Mat_Hair_1_hair.mat using Guid(99a79f6de2825ec4bb471ef12eee8b52) Importer(815301076,1909f56bfc062723c751e8b465ee728b)  -> (artifact id: '447a3a358ff0b5b20b8a52f512eb95fb') in 0.010354 seconds 
Number of asset objects unloaded after import = 2
========================================================================
Received Import Request.
  Time since last request: 0.000026 seconds.
  path: Assets/AnimeGirls/BaseCharacter/BaseCharacter/Sourcefiles/Mat/Mat_Hair_3_hair.mat
  artifactKey: Guid(ac66396422b86cb4c92dad11a754d445) Importer(815301076,1909f56bfc062723c751e8b465ee728b)
Number of updated assets reloaded before import = 0
Start importing Assets/AnimeGirls/BaseCharacter/BaseCharacter/Sourcefiles/Mat/Mat_Hair_3_hair.mat using Guid(ac66396422b86cb4c92dad11a754d445) Importer(815301076,1909f56bfc062723c751e8b465ee728b)  -> (artifact id: '85623c25b558e7f6aa865100586782fb') in 0.009191 seconds 
Number of asset objects unloaded after import = 2
========================================================================
Received Import Request.
  Time since last request: 0.000024 seconds.
  path: Assets/AnimeGirls/BaseCharacter/BaseCharacter/Sourcefiles/Mat/Eyebrows.mat
  artifactKey: Guid(aa86a0f3e62852142bfc3a5d4cd7a828) Importer(815301076,1909f56bfc062723c751e8b465ee728b)
Number of updated assets reloaded before import = 0
Start importing Assets/AnimeGirls/BaseCharacter/BaseCharacter/Sourcefiles/Mat/Eyebrows.mat using Guid(aa86a0f3e62852142bfc3a5d4cd7a828) Importer(815301076,1909f56bfc062723c751e8b465ee728b)  -> (artifact id: 'c7318c271c696f60ad674877a194fce4') in 0.008464 seconds 
Number of asset objects unloaded after import = 2
========================================================================
Received Import Request.
  Time since last request: 0.000017 seconds.
  path: Assets/AnimeGirls/BaseCharacter/BaseCharacter/Sourcefiles/Mat/Mat_underwear_1.mat
  artifactKey: Guid(fe5f139c27784a24493f695dd3cd1be0) Importer(815301076,1909f56bfc062723c751e8b465ee728b)
Number of updated assets reloaded before import = 0
Start importing Assets/AnimeGirls/BaseCharacter/BaseCharacter/Sourcefiles/Mat/Mat_underwear_1.mat using Guid(fe5f139c27784a24493f695dd3cd1be0) Importer(815301076,1909f56bfc062723c751e8b465ee728b)  -> (artifact id: '50da6d2144765811d81245439b921dc7') in 0.031997 seconds 
Number of asset objects unloaded after import = 2
========================================================================
Received Import Request.
  Time since last request: 0.000018 seconds.
  path: Assets/AnimeGirls/BaseCharacter/BaseCharacter/Sourcefiles/Mat/Mat_Hair_2_hair.mat
  artifactKey: Guid(9e09ff6eb81e1bb46ac6c49cc77be78a) Importer(815301076,1909f56bfc062723c751e8b465ee728b)
Number of updated assets reloaded before import = 0
Start importing Assets/AnimeGirls/BaseCharacter/BaseCharacter/Sourcefiles/Mat/Mat_Hair_2_hair.mat using Guid(9e09ff6eb81e1bb46ac6c49cc77be78a) Importer(815301076,1909f56bfc062723c751e8b465ee728b)  -> (artifact id: '5a83a416f696c2008c2e8da6d58ab447') in 0.008359 seconds 
Number of asset objects unloaded after import = 2
========================================================================
Received Import Request.
  Time since last request: 0.000026 seconds.
  path: Assets/AnimeGirls/BaseCharacter/BaseCharacter/Sourcefiles/Mat/Face.mat
  artifactKey: Guid(45f47006298912f4dbec4062603b460f) Importer(815301076,1909f56bfc062723c751e8b465ee728b)
Number of updated assets reloaded before import = 0
Start importing Assets/AnimeGirls/BaseCharacter/BaseCharacter/Sourcefiles/Mat/Face.mat using Guid(45f47006298912f4dbec4062603b460f) Importer(815301076,1909f56bfc062723c751e8b465ee728b)  -> (artifact id: 'd7c7c7a0f422b01ac47f1f921143ecd6') in 0.010104 seconds 
Number of asset objects unloaded after import = 2
========================================================================
Received Import Request.
  Time since last request: 0.000020 seconds.
  path: Assets/AnimeGirls/BaseCharacter/BaseCharacter/Sourcefiles/Mat/Eyeliner.mat
  artifactKey: Guid(b8022f4bfe3976845b403285a16c5320) Importer(815301076,1909f56bfc062723c751e8b465ee728b)
Number of updated assets reloaded before import = 0
Start importing Assets/AnimeGirls/BaseCharacter/BaseCharacter/Sourcefiles/Mat/Eyeliner.mat using Guid(b8022f4bfe3976845b403285a16c5320) Importer(815301076,1909f56bfc062723c751e8b465ee728b)  -> (artifact id: 'bea29290f537c669ddf746ef22fdba25') in 0.008400 seconds 
Number of asset objects unloaded after import = 2
========================================================================
Received Import Request.
  Time since last request: 0.000019 seconds.
  path: Assets/AnimeGirls/BaseCharacter/BaseCharacter/Sourcefiles/Mat/Mat_transp_Eye_color2.mat
  artifactKey: Guid(cdb22899674873642a8b09020709ae1e) Importer(815301076,1909f56bfc062723c751e8b465ee728b)
Number of updated assets reloaded before import = 0
Start importing Assets/AnimeGirls/BaseCharacter/BaseCharacter/Sourcefiles/Mat/Mat_transp_Eye_color2.mat using Guid(cdb22899674873642a8b09020709ae1e) Importer(815301076,1909f56bfc062723c751e8b465ee728b)  -> (artifact id: '794c18044f94eebff3abbb04f8785b13') in 0.008410 seconds 
Number of asset objects unloaded after import = 2
========================================================================
Received Import Request.
  Time since last request: 0.000029 seconds.
  path: Assets/AnimeGirls/BaseCharacter/BaseCharacter/Sourcefiles/Mat/Eye_reflection.mat
  artifactKey: Guid(02b619845fcb6e741b4be7e71e36c491) Importer(815301076,1909f56bfc062723c751e8b465ee728b)
Number of updated assets reloaded before import = 0
Start importing Assets/AnimeGirls/BaseCharacter/BaseCharacter/Sourcefiles/Mat/Eye_reflection.mat using Guid(02b619845fcb6e741b4be7e71e36c491) Importer(815301076,1909f56bfc062723c751e8b465ee728b)  -> (artifact id: 'a3eea754c2e46635656f0040c2b2465b') in 0.108043 seconds 
Number of asset objects unloaded after import = 1
========================================================================
Received Import Request.
  Time since last request: 10.563222 seconds.
  path: Assets/AnimeGirls/BaseCharacter/Demo files/Tex_Background.png
  artifactKey: Guid(d252bd04fa9c56941a32d6aee62d7a8a) Importer(815301076,1909f56bfc062723c751e8b465ee728b)
Number of updated assets reloaded before import = 0
Start importing Assets/AnimeGirls/BaseCharacter/Demo files/Tex_Background.png using Guid(d252bd04fa9c56941a32d6aee62d7a8a) Importer(815301076,1909f56bfc062723c751e8b465ee728b)  -> (artifact id: '26dc4a7ace832f319ba27a0fbcba1b58') in 0.103983 seconds 
Number of asset objects unloaded after import = 2
========================================================================
Received Import Request.
  Time since last request: 78.737745 seconds.
  path: Assets/AnimeGirls/Casual1/SourceFiles/Texture/Casual1NORMAL.png
  artifactKey: Guid(9af3bb75de4ffbb43a9890cabbc77a72) Importer(815301076,1909f56bfc062723c751e8b465ee728b)
Number of updated assets reloaded before import = 0
Start importing Assets/AnimeGirls/Casual1/SourceFiles/Texture/Casual1NORMAL.png using Guid(9af3bb75de4ffbb43a9890cabbc77a72) Importer(815301076,1909f56bfc062723c751e8b465ee728b)  -> (artifact id: '59dd96bb579a37807cb4eb9e786e848b') in 0.025203 seconds 
Number of asset objects unloaded after import = 2
========================================================================
Received Import Request.
  Time since last request: 62.926236 seconds.
  path: Assets/AnimeGirls/Casual1/SourceFiles/Texture/Materials/Casual1NORMAL.mat
  artifactKey: Guid(5d681cf123548d14f9774d2821da78d7) Importer(815301076,1909f56bfc062723c751e8b465ee728b)
Number of updated assets reloaded before import = 0
Start importing Assets/AnimeGirls/Casual1/SourceFiles/Texture/Materials/Casual1NORMAL.mat using Guid(5d681cf123548d14f9774d2821da78d7) Importer(815301076,1909f56bfc062723c751e8b465ee728b)  -> (artifact id: 'd0c5755def99b40a46eabe99431d440d') in 0.010747 seconds 
Number of asset objects unloaded after import = 2
========================================================================
Received Import Request.
  Time since last request: 31.461413 seconds.
  path: Assets/AnimeGirls/BaseCharacter/BaseCharacter/Sourcefiles/Tex/Tex_Eyebrows.png
  artifactKey: Guid(64a26877ab9953548876b6dcad8bbb0d) Importer(815301076,1909f56bfc062723c751e8b465ee728b)
Number of updated assets reloaded before import = 0
Start importing Assets/AnimeGirls/BaseCharacter/BaseCharacter/Sourcefiles/Tex/Tex_Eyebrows.png using Guid(64a26877ab9953548876b6dcad8bbb0d) Importer(815301076,1909f56bfc062723c751e8b465ee728b)  -> (artifact id: 'ca5f37a5a1b4fdeb16b94e2b48be8003') in 0.019705 seconds 
Number of asset objects unloaded after import = 2
========================================================================
Received Import Request.
  Time since last request: 0.027082 seconds.
  path: Assets/AnimeGirls/BaseCharacter/BaseCharacter/Sourcefiles/Tex/Tex_Eyelashes.png
  artifactKey: Guid(437943a3b8830dc4d913be00a926114d) Importer(815301076,1909f56bfc062723c751e8b465ee728b)
Number of updated assets reloaded before import = 0
Start importing Assets/AnimeGirls/BaseCharacter/BaseCharacter/Sourcefiles/Tex/Tex_Eyelashes.png using Guid(437943a3b8830dc4d913be00a926114d) Importer(815301076,1909f56bfc062723c751e8b465ee728b)  -> (artifact id: 'bd805d2900c581adac3937fa47f5e772') in 0.021965 seconds 
Number of asset objects unloaded after import = 2
========================================================================
Received Import Request.
  Time since last request: 0.000030 seconds.
  path: Assets/AnimeGirls/BaseCharacter/BaseCharacter/Sourcefiles/Tex/Tex_Hair5_head.png
  artifactKey: Guid(d6a30f92d6a124c44a8d69684056cf42) Importer(815301076,1909f56bfc062723c751e8b465ee728b)
Number of updated assets reloaded before import = 0
Start importing Assets/AnimeGirls/BaseCharacter/BaseCharacter/Sourcefiles/Tex/Tex_Hair5_head.png using Guid(d6a30f92d6a124c44a8d69684056cf42) Importer(815301076,1909f56bfc062723c751e8b465ee728b)  -> (artifact id: '8352d21c96645914a6690a0c6db24647') in 0.022956 seconds 
Number of asset objects unloaded after import = 2
========================================================================
Received Import Request.
  Time since last request: 0.000025 seconds.
  path: Assets/AnimeGirls/BaseCharacter/BaseCharacter/Sourcefiles/Tex/Tex_Hair4_head.png
  artifactKey: Guid(e1465639d7246b84b8635491c7ffeaec) Importer(815301076,1909f56bfc062723c751e8b465ee728b)
Number of updated assets reloaded before import = 0
Start importing Assets/AnimeGirls/BaseCharacter/BaseCharacter/Sourcefiles/Tex/Tex_Hair4_head.png using Guid(e1465639d7246b84b8635491c7ffeaec) Importer(815301076,1909f56bfc062723c751e8b465ee728b)  -> (artifact id: '7c6ba620e6b72656602845dc6151ea13') in 0.024141 seconds 
Number of asset objects unloaded after import = 2
========================================================================
Received Import Request.
  Time since last request: 0.000021 seconds.
  path: Assets/AnimeGirls/BaseCharacter/BaseCharacter/Sourcefiles/Tex/Tex_underwear_1.png
  artifactKey: Guid(68812920ec2796e4894cb2957e3d920c) Importer(815301076,1909f56bfc062723c751e8b465ee728b)
Number of updated assets reloaded before import = 0
Start importing Assets/AnimeGirls/BaseCharacter/BaseCharacter/Sourcefiles/Tex/Tex_underwear_1.png using Guid(68812920ec2796e4894cb2957e3d920c) Importer(815301076,1909f56bfc062723c751e8b465ee728b)  -> (artifact id: 'a56b83f9362201612f8db0eb84e67776') in 0.020824 seconds 
Number of asset objects unloaded after import = 2
========================================================================
Received Import Request.
  Time since last request: 0.000026 seconds.
  path: Assets/AnimeGirls/BaseCharacter/BaseCharacter/Sourcefiles/Tex/Tex_Hair2_head.png
  artifactKey: Guid(051f3414ac172e84babdb73cdc3c832a) Importer(815301076,1909f56bfc062723c751e8b465ee728b)
Number of updated assets reloaded before import = 0
Start importing Assets/AnimeGirls/BaseCharacter/BaseCharacter/Sourcefiles/Tex/Tex_Hair2_head.png using Guid(051f3414ac172e84babdb73cdc3c832a) Importer(815301076,1909f56bfc062723c751e8b465ee728b)  -> (artifact id: '8034bababd7e0df477ebc3ebd39e2422') in 0.019793 seconds 
Number of asset objects unloaded after import = 2
========================================================================
Received Import Request.
  Time since last request: 0.000020 seconds.
  path: Assets/AnimeGirls/BaseCharacter/BaseCharacter/Sourcefiles/Tex/Tex_Eyeliner.png
  artifactKey: Guid(40654ecb795598a448c76508bf5efa2f) Importer(815301076,1909f56bfc062723c751e8b465ee728b)
Number of updated assets reloaded before import = 0
Start importing Assets/AnimeGirls/BaseCharacter/BaseCharacter/Sourcefiles/Tex/Tex_Eyeliner.png using Guid(40654ecb795598a448c76508bf5efa2f) Importer(815301076,1909f56bfc062723c751e8b465ee728b)  -> (artifact id: '1eec6a4865daf4aadf498b747f5e8559') in 0.016477 seconds 
Number of asset objects unloaded after import = 2
========================================================================
Received Import Request.
  Time since last request: 0.000017 seconds.
  path: Assets/AnimeGirls/BaseCharacter/BaseCharacter/Sourcefiles/Tex/Tex_Mouth.png
  artifactKey: Guid(afcebc1f40668274fbb842430ff85d43) Importer(815301076,1909f56bfc062723c751e8b465ee728b)
Number of updated assets reloaded before import = 0
Start importing Assets/AnimeGirls/BaseCharacter/BaseCharacter/Sourcefiles/Tex/Tex_Mouth.png using Guid(afcebc1f40668274fbb842430ff85d43) Importer(815301076,1909f56bfc062723c751e8b465ee728b)  -> (artifact id: '9a1b45ef5dc7dfad1df09a9e0c7d5e20') in 0.016644 seconds 
Number of asset objects unloaded after import = 2
========================================================================
Received Import Request.
  Time since last request: 0.000018 seconds.
  path: Assets/AnimeGirls/BaseCharacter/BaseCharacter/Sourcefiles/Tex/Tex_Hair3_head.png
  artifactKey: Guid(aeb82eb584a692e4eb3a784eb4e15148) Importer(815301076,1909f56bfc062723c751e8b465ee728b)
Number of updated assets reloaded before import = 0
Start importing Assets/AnimeGirls/BaseCharacter/BaseCharacter/Sourcefiles/Tex/Tex_Hair3_head.png using Guid(aeb82eb584a692e4eb3a784eb4e15148) Importer(815301076,1909f56bfc062723c751e8b465ee728b)  -> (artifact id: 'e77a6cb3464acaea87d1e2705c5d12df') in 0.016011 seconds 
Number of asset objects unloaded after import = 2
========================================================================
Received Import Request.
  Time since last request: 0.000015 seconds.
  path: Assets/AnimeGirls/BaseCharacter/BaseCharacter/Sourcefiles/Tex/Tex_Hair1_head.png
  artifactKey: Guid(306bd9a3a9617b6438a3b9d67ee2505c) Importer(815301076,1909f56bfc062723c751e8b465ee728b)
Number of updated assets reloaded before import = 0
Start importing Assets/AnimeGirls/BaseCharacter/BaseCharacter/Sourcefiles/Tex/Tex_Hair1_head.png using Guid(306bd9a3a9617b6438a3b9d67ee2505c) Importer(815301076,1909f56bfc062723c751e8b465ee728b)  -> (artifact id: 'd76f85644b854803996658172ea9b63a') in 0.018138 seconds 
Number of asset objects unloaded after import = 2
========================================================================
Received Import Request.
  Time since last request: 0.000027 seconds.
  path: Assets/AnimeGirls/BaseCharacter/BaseCharacter/Sourcefiles/Tex/Tex_Eyes.png
  artifactKey: Guid(7320534fbd4110341a14a499362e9c46) Importer(815301076,1909f56bfc062723c751e8b465ee728b)
Number of updated assets reloaded before import = 0
Start importing Assets/AnimeGirls/BaseCharacter/BaseCharacter/Sourcefiles/Tex/Tex_Eyes.png using Guid(7320534fbd4110341a14a499362e9c46) Importer(815301076,1909f56bfc062723c751e8b465ee728b)  -> (artifact id: '3d45e29c296dcdbdc9ffffe65c53d169') in 0.016543 seconds 
Number of asset objects unloaded after import = 2
========================================================================
Received Import Request.
  Time since last request: 0.000020 seconds.
  path: Assets/AnimeGirls/BaseCharacter/BaseCharacter/Sourcefiles/Tex/Tex_Face.png
  artifactKey: Guid(c247e86b94f92384ab47aab540ea1248) Importer(815301076,1909f56bfc062723c751e8b465ee728b)
Number of updated assets reloaded before import = 0
Start importing Assets/AnimeGirls/BaseCharacter/BaseCharacter/Sourcefiles/Tex/Tex_Face.png using Guid(c247e86b94f92384ab47aab540ea1248) Importer(815301076,1909f56bfc062723c751e8b465ee728b)  -> (artifact id: '86eb7d9e192473d8d6aa59cfccf71b8a') in 0.015602 seconds 
Number of asset objects unloaded after import = 2
Editor requested this worker to shutdown with reason: Scaling down because of idle timeout
AssetImportWorker is now disconnected from the server
Process exiting
Exiting without the bug reporter. Application will terminate with return code 0